2023/12/19 14:46:20 [::1]:52891 -- HTTP/1.1 GET / localhost:4000 
2023/12/19 14:46:21 [::1]:52891 -- HTTP/1.1 GET /snippet/view/1 localhost:4000 
2023/12/24 09:35:48 [::1]:61408 -- HTTP/1.1 GET / localhost:4000 
2023/12/24 09:35:50 [::1]:61408 -- HTTP/1.1 GET /snippet/view/1 localhost:4000 
2023/12/24 09:35:50 [::1]:61408 -- HTTP/1.1 GET /favicon.ico localhost:4000 
2023/12/24 09:36:06 [::1]:61408 -- HTTP/1.1 GET /snippet/view/1 localhost:4000 
2023/12/24 09:36:16 [::1]:61418 -- HTTP/1.1 GET /snippet/view/1 localhost:4000 
2023/12/24 09:36:17 [::1]:61418 -- HTTP/1.1 GET /snippet/view/1 localhost:4000 
2023/12/24 09:36:20 [::1]:61418 -- HTTP/1.1 GET /snippet/1 localhost:4000 
2023/12/24 09:36:22 [::1]:61418 -- HTTP/1.1 GET / localhost:4000 
2023/12/24 09:36:23 [::1]:61418 -- HTTP/1.1 GET /snippet/1 localhost:4000 
2023/12/24 09:36:25 [::1]:61418 -- HTTP/1.1 GET /snippet/2 localhost:4000 
2023/12/24 09:36:27 [::1]:61418 -- HTTP/1.1 GET / localhost:4000 
2023/12/24 09:36:28 [::1]:61418 -- HTTP/1.1 GET /snippet/1 localhost:4000 
2023/12/24 09:36:29 [::1]:61418 -- HTTP/1.1 GET / localhost:4000 
2023/12/24 09:36:33 [::1]:61418 -- HTTP/1.1 GET / localhost:4000 
2023/12/24 09:36:33 [::1]:61418 -- HTTP/1.1 GET /static/css/main.css localhost:4000 
2023/12/24 09:36:33 [::1]:61419 -- HTTP/1.1 GET /static/js/main.js localhost:4000 
2023/12/24 09:36:33 [::1]:61418 -- HTTP/1.1 GET /static/img/logo.png localhost:4000 
2023/12/24 09:36:33 [::1]:61419 -- HTTP/1.1 GET /static/img/favicon.ico localhost:4000 
2023/12/24 09:36:33 [::1]:61419 -- HTTP/1.1 GET /static/img/favicon.ico localhost:4000 
